INFO:root:Args in experiment:
INFO:root:Namespace(is_training=True, device=0, num_workers=0, data='custom', root_path='.', data_path='out_electricity_5.csv', features='M', target='OT', freq='h', seq_len=96, label_len=96, pred_len=96, embed='timeF', heads=16, d_model=100, N=10, block_nums=2, bottleneck=2, map_bottleneck=20, train_epochs=100, batch_size=32, patience=3, learning_rate=0.0005, tau=0.07, loss_weight_prediction=1.0, loss_weight_infonce=1.0, loss_weight_smooth=1.0, check_point='checkpoint')
INFO:root:Basisformer(
  (coefnet): Coefnet(
    (layers): ModuleList(
      (0): BCAB(
        (cross_attention_basis): channel_AutoCorrelationLayer(
          (query_projection): Linear(in_features=100, out_features=96, bias=True)
          (key_projection): Linear(in_features=100, out_features=96, bias=True)
          (value_projection): Linear(in_features=100, out_features=96, bias=True)
          (out_projection): Linear(in_features=96, out_features=100, bias=True)
          (attend): Softmax(dim=-1)
          (dropout): Dropout(p=0.1, inplace=False)
        )
        (conv1_basis): Linear(in_features=100, out_features=400, bias=True)
        (conv2_basis): Linear(in_features=400, out_features=100, bias=True)
        (dropout_basis): Dropout(p=0.1, inplace=False)
        (cross_attention_ts): channel_AutoCorrelationLayer(
          (query_projection): Linear(in_features=100, out_features=96, bias=True)
          (key_projection): Linear(in_features=100, out_features=96, bias=True)
          (value_projection): Linear(in_features=100, out_features=96, bias=True)
          (out_projection): Linear(in_features=96, out_features=100, bias=True)
          (attend): Softmax(dim=-1)
          (dropout): Dropout(p=0.1, inplace=False)
        )
        (conv1_ts): Linear(in_features=100, out_features=400, bias=True)
        (conv2_ts): Linear(in_features=400, out_features=100, bias=True)
        (dropout_ts): Dropout(p=0.1, inplace=False)
        (layer_norm11): LayerNorm((100,), eps=1e-05, elementwise_affine=True)
        (layer_norm12): LayerNorm((100,), eps=1e-05, elementwise_affine=True)
        (layer_norm21): LayerNorm((100,), eps=1e-05, elementwise_affine=True)
        (layer_norm22): LayerNorm((100,), eps=1e-05, elementwise_affine=True)
      )
      (1): BCAB(
        (cross_attention_basis): channel_AutoCorrelationLayer(
          (query_projection): Linear(in_features=100, out_features=96, bias=True)
          (key_projection): Linear(in_features=100, out_features=96, bias=True)
          (value_projection): Linear(in_features=100, out_features=96, bias=True)
          (out_projection): Linear(in_features=96, out_features=100, bias=True)
          (attend): Softmax(dim=-1)
          (dropout): Dropout(p=0.1, inplace=False)
        )
        (conv1_basis): Linear(in_features=100, out_features=400, bias=True)
        (conv2_basis): Linear(in_features=400, out_features=100, bias=True)
        (dropout_basis): Dropout(p=0.1, inplace=False)
        (cross_attention_ts): channel_AutoCorrelationLayer(
          (query_projection): Linear(in_features=100, out_features=96, bias=True)
          (key_projection): Linear(in_features=100, out_features=96, bias=True)
          (value_projection): Linear(in_features=100, out_features=96, bias=True)
          (out_projection): Linear(in_features=96, out_features=100, bias=True)
          (attend): Softmax(dim=-1)
          (dropout): Dropout(p=0.1, inplace=False)
        )
        (conv1_ts): Linear(in_features=100, out_features=400, bias=True)
        (conv2_ts): Linear(in_features=400, out_features=100, bias=True)
        (dropout_ts): Dropout(p=0.1, inplace=False)
        (layer_norm11): LayerNorm((100,), eps=1e-05, elementwise_affine=True)
        (layer_norm12): LayerNorm((100,), eps=1e-05, elementwise_affine=True)
        (layer_norm21): LayerNorm((100,), eps=1e-05, elementwise_affine=True)
        (layer_norm22): LayerNorm((100,), eps=1e-05, elementwise_affine=True)
      )
    )
    (last_layer): last_layer(
      (query_projection): Linear(in_features=100, out_features=96, bias=True)
      (key_projection): Linear(in_features=100, out_features=96, bias=True)
    )
  )
  (MLP_x): MLP_bottle(
    (linear1): Sequential(
      (0): Linear(in_features=96, out_features=48, bias=True)
      (1): ReLU()
      (2): Linear(in_features=48, out_features=48, bias=True)
    )
    (linear2): Sequential(
      (0): Linear(in_features=48, out_features=48, bias=True)
      (1): ReLU()
      (2): Linear(in_features=48, out_features=96, bias=True)
    )
    (skip): Linear(in_features=96, out_features=48, bias=True)
    (act): ReLU()
  )
  (MLP_y): MLP_bottle(
    (linear1): Sequential(
      (0): Linear(in_features=96, out_features=48, bias=True)
      (1): ReLU()
      (2): Linear(in_features=48, out_features=48, bias=True)
    )
    (linear2): Sequential(
      (0): Linear(in_features=48, out_features=48, bias=True)
      (1): ReLU()
      (2): Linear(in_features=48, out_features=96, bias=True)
    )
    (skip): Linear(in_features=96, out_features=48, bias=True)
    (act): ReLU()
  )
  (MLP_sx): MLP_bottle(
    (linear1): Sequential(
      (0): Linear(in_features=96, out_features=48, bias=True)
      (1): ReLU()
      (2): Linear(in_features=48, out_features=48, bias=True)
    )
    (linear2): Sequential(
      (0): Linear(in_features=48, out_features=48, bias=True)
      (1): ReLU()
      (2): Linear(in_features=48, out_features=96, bias=True)
    )
    (skip): Linear(in_features=96, out_features=48, bias=True)
    (act): ReLU()
  )
  (MLP_sy): MLP_bottle(
    (linear1): Sequential(
      (0): Linear(in_features=96, out_features=48, bias=True)
      (1): ReLU()
      (2): Linear(in_features=48, out_features=48, bias=True)
    )
    (linear2): Sequential(
      (0): Linear(in_features=48, out_features=48, bias=True)
      (1): ReLU()
      (2): Linear(in_features=48, out_features=96, bias=True)
    )
    (skip): Linear(in_features=96, out_features=48, bias=True)
    (act): ReLU()
  )
  (project1): Linear(in_features=96, out_features=100, bias=True)
  (project2): Linear(in_features=96, out_features=100, bias=True)
  (project3): Linear(in_features=96, out_features=100, bias=True)
  (project4): Linear(in_features=96, out_features=100, bias=True)
  (criterion1): MSELoss()
  (criterion2): L1Loss()
  (map_MLP): MLP_bottle(
    (linear1): Sequential(
      (0): Linear(in_features=1, out_features=20, bias=True)
      (1): ReLU()
      (2): Linear(in_features=20, out_features=20, bias=True)
    )
    (linear2): Sequential(
      (0): Linear(in_features=20, out_features=20, bias=True)
      (1): ReLU()
      (2): Linear(in_features=20, out_features=1920, bias=True)
    )
    (skip): Linear(in_features=1, out_features=20, bias=True)
    (act): ReLU()
  )
)
INFO:root:[Info] Number of parameters: 660360
INFO:root:	iters: 3, epoch: 1 | loss: 153674672.0000000
INFO:root:	iters: 6, epoch: 1 | loss: 140406016.0000000
INFO:root:	iters: 9, epoch: 1 | loss: 146371600.0000000
INFO:root:	iters: 12, epoch: 1 | loss: 134599152.0000000
INFO:root:	iters: 15, epoch: 1 | loss: 134077976.0000000
INFO:root:Epoch: 1 cost time: 26.138122081756592
INFO:root:loss_pred:142294024.53333333
INFO:root:loss entropy:10.415789286295572
INFO:root:loss smooth:0.14261855085690817
INFO:root:Epoch: 1 | Train Loss: 142294036.2666667 Vali Loss: nan Test Loss: 133445376.0000000
INFO:root:	iters: 3, epoch: 2 | loss: 109064200.0000000
INFO:root:	iters: 6, epoch: 2 | loss: 103993688.0000000
INFO:root:	iters: 9, epoch: 2 | loss: 89901544.0000000
INFO:root:	iters: 12, epoch: 2 | loss: 77045224.0000000
INFO:root:	iters: 15, epoch: 2 | loss: 67374008.0000000
INFO:root:Epoch: 2 cost time: 46.05375695228577
INFO:root:loss_pred:94478169.06666666
INFO:root:loss entropy:16.934162521362303
INFO:root:loss smooth:0.14110844433307648
INFO:root:Epoch: 2 | Train Loss: 94478185.0666667 Vali Loss: nan Test Loss: 70597160.0000000
INFO:root:	iters: 3, epoch: 3 | loss: 54274624.0000000
INFO:root:	iters: 6, epoch: 3 | loss: 51449116.0000000
INFO:root:	iters: 9, epoch: 3 | loss: 46229436.0000000
INFO:root:	iters: 12, epoch: 3 | loss: 36542032.0000000
INFO:root:	iters: 15, epoch: 3 | loss: 28109990.0000000
INFO:root:Epoch: 3 cost time: 47.51491093635559
INFO:root:loss_pred:45795833.333333336
INFO:root:loss entropy:16.585681343078612
INFO:root:loss smooth:0.1403149336576462
INFO:root:Epoch: 3 | Train Loss: 45795850.0000000 Vali Loss: nan Test Loss: 35979036.0000000
INFO:root:	iters: 3, epoch: 4 | loss: 28020844.0000000
INFO:root:	iters: 6, epoch: 4 | loss: 26751666.0000000
INFO:root:	iters: 9, epoch: 4 | loss: 25947034.0000000
INFO:root:	iters: 12, epoch: 4 | loss: 25554204.0000000
INFO:root:	iters: 15, epoch: 4 | loss: 21348002.0000000
INFO:root:Epoch: 4 cost time: 50.900320053100586
INFO:root:loss_pred:25252610.933333334
INFO:root:loss entropy:14.096177228291829
INFO:root:loss smooth:0.1393119990825653
INFO:root:Epoch: 4 | Train Loss: 25252625.0666667 Vali Loss: nan Test Loss: 27194864.0000000
INFO:root:loading model
INFO:root:total_time:1.7508878707885742
INFO:root:avg_time:0.018050390420500766
INFO:root:mse:133445384.0, mae:1113.94580078125
