INFO:root:Args in experiment:
INFO:root:Namespace(is_training=True, device=0, num_workers=0, data='custom', root_path='.', data_path='out_electricity_3.csv', features='M', target='OT', freq='h', seq_len=96, label_len=96, pred_len=96, embed='timeF', heads=16, d_model=100, N=10, block_nums=2, bottleneck=2, map_bottleneck=20, train_epochs=100, batch_size=32, patience=3, learning_rate=0.0005, tau=0.07, loss_weight_prediction=1.0, loss_weight_infonce=1.0, loss_weight_smooth=1.0, check_point='checkpoint')
INFO:root:Basisformer(
  (coefnet): Coefnet(
    (layers): ModuleList(
      (0): BCAB(
        (cross_attention_basis): channel_AutoCorrelationLayer(
          (query_projection): Linear(in_features=100, out_features=96, bias=True)
          (key_projection): Linear(in_features=100, out_features=96, bias=True)
          (value_projection): Linear(in_features=100, out_features=96, bias=True)
          (out_projection): Linear(in_features=96, out_features=100, bias=True)
          (attend): Softmax(dim=-1)
          (dropout): Dropout(p=0.1, inplace=False)
        )
        (conv1_basis): Linear(in_features=100, out_features=400, bias=True)
        (conv2_basis): Linear(in_features=400, out_features=100, bias=True)
        (dropout_basis): Dropout(p=0.1, inplace=False)
        (cross_attention_ts): channel_AutoCorrelationLayer(
          (query_projection): Linear(in_features=100, out_features=96, bias=True)
          (key_projection): Linear(in_features=100, out_features=96, bias=True)
          (value_projection): Linear(in_features=100, out_features=96, bias=True)
          (out_projection): Linear(in_features=96, out_features=100, bias=True)
          (attend): Softmax(dim=-1)
          (dropout): Dropout(p=0.1, inplace=False)
        )
        (conv1_ts): Linear(in_features=100, out_features=400, bias=True)
        (conv2_ts): Linear(in_features=400, out_features=100, bias=True)
        (dropout_ts): Dropout(p=0.1, inplace=False)
        (layer_norm11): LayerNorm((100,), eps=1e-05, elementwise_affine=True)
        (layer_norm12): LayerNorm((100,), eps=1e-05, elementwise_affine=True)
        (layer_norm21): LayerNorm((100,), eps=1e-05, elementwise_affine=True)
        (layer_norm22): LayerNorm((100,), eps=1e-05, elementwise_affine=True)
      )
      (1): BCAB(
        (cross_attention_basis): channel_AutoCorrelationLayer(
          (query_projection): Linear(in_features=100, out_features=96, bias=True)
          (key_projection): Linear(in_features=100, out_features=96, bias=True)
          (value_projection): Linear(in_features=100, out_features=96, bias=True)
          (out_projection): Linear(in_features=96, out_features=100, bias=True)
          (attend): Softmax(dim=-1)
          (dropout): Dropout(p=0.1, inplace=False)
        )
        (conv1_basis): Linear(in_features=100, out_features=400, bias=True)
        (conv2_basis): Linear(in_features=400, out_features=100, bias=True)
        (dropout_basis): Dropout(p=0.1, inplace=False)
        (cross_attention_ts): channel_AutoCorrelationLayer(
          (query_projection): Linear(in_features=100, out_features=96, bias=True)
          (key_projection): Linear(in_features=100, out_features=96, bias=True)
          (value_projection): Linear(in_features=100, out_features=96, bias=True)
          (out_projection): Linear(in_features=96, out_features=100, bias=True)
          (attend): Softmax(dim=-1)
          (dropout): Dropout(p=0.1, inplace=False)
        )
        (conv1_ts): Linear(in_features=100, out_features=400, bias=True)
        (conv2_ts): Linear(in_features=400, out_features=100, bias=True)
        (dropout_ts): Dropout(p=0.1, inplace=False)
        (layer_norm11): LayerNorm((100,), eps=1e-05, elementwise_affine=True)
        (layer_norm12): LayerNorm((100,), eps=1e-05, elementwise_affine=True)
        (layer_norm21): LayerNorm((100,), eps=1e-05, elementwise_affine=True)
        (layer_norm22): LayerNorm((100,), eps=1e-05, elementwise_affine=True)
      )
    )
    (last_layer): last_layer(
      (query_projection): Linear(in_features=100, out_features=96, bias=True)
      (key_projection): Linear(in_features=100, out_features=96, bias=True)
    )
  )
  (MLP_x): MLP_bottle(
    (linear1): Sequential(
      (0): Linear(in_features=96, out_features=48, bias=True)
      (1): ReLU()
      (2): Linear(in_features=48, out_features=48, bias=True)
    )
    (linear2): Sequential(
      (0): Linear(in_features=48, out_features=48, bias=True)
      (1): ReLU()
      (2): Linear(in_features=48, out_features=96, bias=True)
    )
    (skip): Linear(in_features=96, out_features=48, bias=True)
    (act): ReLU()
  )
  (MLP_y): MLP_bottle(
    (linear1): Sequential(
      (0): Linear(in_features=96, out_features=48, bias=True)
      (1): ReLU()
      (2): Linear(in_features=48, out_features=48, bias=True)
    )
    (linear2): Sequential(
      (0): Linear(in_features=48, out_features=48, bias=True)
      (1): ReLU()
      (2): Linear(in_features=48, out_features=96, bias=True)
    )
    (skip): Linear(in_features=96, out_features=48, bias=True)
    (act): ReLU()
  )
  (MLP_sx): MLP_bottle(
    (linear1): Sequential(
      (0): Linear(in_features=96, out_features=48, bias=True)
      (1): ReLU()
      (2): Linear(in_features=48, out_features=48, bias=True)
    )
    (linear2): Sequential(
      (0): Linear(in_features=48, out_features=48, bias=True)
      (1): ReLU()
      (2): Linear(in_features=48, out_features=96, bias=True)
    )
    (skip): Linear(in_features=96, out_features=48, bias=True)
    (act): ReLU()
  )
  (MLP_sy): MLP_bottle(
    (linear1): Sequential(
      (0): Linear(in_features=96, out_features=48, bias=True)
      (1): ReLU()
      (2): Linear(in_features=48, out_features=48, bias=True)
    )
    (linear2): Sequential(
      (0): Linear(in_features=48, out_features=48, bias=True)
      (1): ReLU()
      (2): Linear(in_features=48, out_features=96, bias=True)
    )
    (skip): Linear(in_features=96, out_features=48, bias=True)
    (act): ReLU()
  )
  (project1): Linear(in_features=96, out_features=100, bias=True)
  (project2): Linear(in_features=96, out_features=100, bias=True)
  (project3): Linear(in_features=96, out_features=100, bias=True)
  (project4): Linear(in_features=96, out_features=100, bias=True)
  (criterion1): MSELoss()
  (criterion2): L1Loss()
  (map_MLP): MLP_bottle(
    (linear1): Sequential(
      (0): Linear(in_features=1, out_features=20, bias=True)
      (1): ReLU()
      (2): Linear(in_features=20, out_features=20, bias=True)
    )
    (linear2): Sequential(
      (0): Linear(in_features=20, out_features=20, bias=True)
      (1): ReLU()
      (2): Linear(in_features=20, out_features=1920, bias=True)
    )
    (skip): Linear(in_features=1, out_features=20, bias=True)
    (act): ReLU()
  )
)
INFO:root:[Info] Number of parameters: 660360
INFO:root:	iters: 3, epoch: 1 | loss: 83653160.0000000
INFO:root:	iters: 6, epoch: 1 | loss: 81846936.0000000
INFO:root:	iters: 9, epoch: 1 | loss: 78860632.0000000
INFO:root:	iters: 12, epoch: 1 | loss: 60180588.0000000
INFO:root:	iters: 15, epoch: 1 | loss: 79195208.0000000
INFO:root:Epoch: 1 cost time: 26.371392011642456
INFO:root:loss_pred:77569014.4
INFO:root:loss entropy:12.492661348978679
INFO:root:loss smooth:0.14272192517916363
INFO:root:Epoch: 1 | Train Loss: 77569027.4666667 Vali Loss: nan Test Loss: 67527232.0000000
INFO:root:	iters: 3, epoch: 2 | loss: 64814344.0000000
INFO:root:	iters: 6, epoch: 2 | loss: 55016212.0000000
INFO:root:	iters: 9, epoch: 2 | loss: 56717376.0000000
INFO:root:	iters: 12, epoch: 2 | loss: 54250024.0000000
INFO:root:	iters: 15, epoch: 2 | loss: 44818340.0000000
INFO:root:Epoch: 2 cost time: 46.637006998062134
INFO:root:loss_pred:57907339.2
INFO:root:loss entropy:23.173049799601237
INFO:root:loss smooth:0.14583625594774882
INFO:root:Epoch: 2 | Train Loss: 57907362.1333333 Vali Loss: nan Test Loss: 35823008.0000000
INFO:root:	iters: 3, epoch: 3 | loss: 47924280.0000000
INFO:root:	iters: 6, epoch: 3 | loss: 37915788.0000000
INFO:root:	iters: 9, epoch: 3 | loss: 36022640.0000000
INFO:root:	iters: 12, epoch: 3 | loss: 32595216.0000000
INFO:root:	iters: 15, epoch: 3 | loss: 34382256.0000000
INFO:root:Epoch: 3 cost time: 48.96896004676819
INFO:root:loss_pred:38848879.06666667
INFO:root:loss entropy:19.24123306274414
INFO:root:loss smooth:0.14434961477915445
INFO:root:Epoch: 3 | Train Loss: 38848898.2666667 Vali Loss: nan Test Loss: 18222406.0000000
INFO:root:	iters: 3, epoch: 4 | loss: 28216260.0000000
INFO:root:	iters: 6, epoch: 4 | loss: 24863624.0000000
INFO:root:	iters: 9, epoch: 4 | loss: 27837024.0000000
INFO:root:	iters: 12, epoch: 4 | loss: 26198342.0000000
INFO:root:	iters: 15, epoch: 4 | loss: 24252806.0000000
INFO:root:Epoch: 4 cost time: 47.48986077308655
INFO:root:loss_pred:27811735.2
INFO:root:loss entropy:14.654914156595867
INFO:root:loss smooth:0.13829212387402853
INFO:root:Epoch: 4 | Train Loss: 27811749.7333333 Vali Loss: nan Test Loss: 20133170.0000000
INFO:root:loading model
INFO:root:total_time:3.5694868564605713
INFO:root:avg_time:0.03679883357175847
INFO:root:mse:67527248.0, mae:890.5107421875
